170523 13:43:18 mysqld_safe Starting mysqld daemon with databases from /var/lib/mysql
2017-05-23 13:43:18 140649406863392 [Note] /usr/sbin/mysqld (mysqld 10.1.23-MariaDB) starting as process 123 ...
2017-05-23 13:43:18 140649406863392 [Note] InnoDB: Using mutexes to ref count buffer pool pages
2017-05-23 13:43:18 140649406863392 [Note] InnoDB: The InnoDB memory heap is disabled
2017-05-23 13:43:18 140649406863392 [Note] InnoDB: Mutexes and rw_locks use GCC atomic builtins
2017-05-23 13:43:18 140649406863392 [Note] InnoDB: GCC builtin __atomic_thread_fence() is used for memory barrier
2017-05-23 13:43:18 140649406863392 [Note] InnoDB: Compressed tables use zlib 1.2.3
2017-05-23 13:43:18 140649406863392 [Note] InnoDB: Using Linux native AIO
2017-05-23 13:43:18 140649406863392 [Note] InnoDB: Using SSE crc32 instructions
2017-05-23 13:43:18 140649406863392 [Note] InnoDB: Initializing buffer pool, size = 128.0M
2017-05-23 13:43:18 140649406863392 [Note] InnoDB: Completed initialization of buffer pool
2017-05-23 13:43:18 140649406863392 [Note] InnoDB: Highest supported file format is Barracuda.
2017-05-23 13:43:18 140649406863392 [Note] InnoDB: 128 rollback segment(s) are active.
2017-05-23 13:43:18 140649406863392 [Note] InnoDB: Waiting for purge to start
2017-05-23 13:43:18 140649406863392 [Note] InnoDB:  Percona XtraDB (http://www.percona.com) 5.6.35-80.0 started; log sequence number 1616819
2017-05-23 13:43:18 140648556496640 [Note] InnoDB: Dumping buffer pool(s) not yet started
2017-05-23 13:43:18 140649406863392 [Note] Plugin 'FEEDBACK' is disabled.
2017-05-23 13:43:18 140649406863392 [Note] Server socket created on IP: '::'.
2017-05-23 13:43:18 140649406863392 [Note] /usr/sbin/mysqld: ready for connections.
Version: '10.1.23-MariaDB'  socket: '/var/lib/mysql/mysql.sock'  port: 3306  MariaDB Server
