170524 08:19:54 mysqld_safe Starting mysqld daemon with databases from /var/lib/mysql
2017-05-24  8:19:54 140203190626336 [Note] /usr/sbin/mysqld (mysqld 10.1.23-MariaDB) starting as process 145 ...
2017-05-24  8:19:54 140203190626336 [Note] InnoDB: Using mutexes to ref count buffer pool pages
2017-05-24  8:19:54 140203190626336 [Note] InnoDB: The InnoDB memory heap is disabled
2017-05-24  8:19:54 140203190626336 [Note] InnoDB: Mutexes and rw_locks use GCC atomic builtins
2017-05-24  8:19:54 140203190626336 [Note] InnoDB: GCC builtin __atomic_thread_fence() is used for memory barrier
2017-05-24  8:19:54 140203190626336 [Note] InnoDB: Compressed tables use zlib 1.2.3
2017-05-24  8:19:54 140203190626336 [Note] InnoDB: Using Linux native AIO
2017-05-24  8:19:54 140203190626336 [Note] InnoDB: Using SSE crc32 instructions
2017-05-24  8:19:54 140203190626336 [Note] InnoDB: Initializing buffer pool, size = 128.0M
2017-05-24  8:19:54 140203190626336 [Note] InnoDB: Completed initialization of buffer pool
2017-05-24  8:19:54 140203190626336 [Note] InnoDB: Highest supported file format is Barracuda.
2017-05-24  8:19:54 140203190626336 [Note] InnoDB: Starting crash recovery from checkpoint LSN=23836299
2017-05-24  8:19:54 140203190626336 [Note] InnoDB: Restoring possible half-written data pages from the doublewrite buffer...
2017-05-24  8:19:54 140203190626336 [Note] InnoDB: Starting final batch to recover 8 pages from redo log
2017-05-24  8:19:55 140203190626336 [Note] InnoDB: 128 rollback segment(s) are active.
2017-05-24  8:19:55 140203190626336 [Note] InnoDB: Waiting for purge to start
2017-05-24  8:19:55 140203190626336 [Note] InnoDB:  Percona XtraDB (http://www.percona.com) 5.6.35-80.0 started; log sequence number 23842054
2017-05-24  8:19:55 140202316134144 [Note] InnoDB: Dumping buffer pool(s) not yet started
2017-05-24  8:19:55 140203190626336 [Note] Plugin 'FEEDBACK' is disabled.
2017-05-24  8:19:55 140203190626336 [Note] Recovering after a crash using tc.log
2017-05-24  8:19:55 140203190626336 [Note] Starting crash recovery...
2017-05-24  8:19:55 140203190626336 [Note] Crash recovery finished.
2017-05-24  8:19:55 140203190626336 [Note] Server socket created on IP: '::'.
2017-05-24  8:19:55 140203190626336 [ERROR] mysqld: Table './mysql/user' is marked as crashed and should be repaired
2017-05-24  8:19:55 140203190626336 [Warning] Checking table:   './mysql/user'
2017-05-24  8:19:55 140203190626336 [ERROR] mysql.user: 1 client is using or hasn't closed the table properly
2017-05-24  8:19:55 140203190626336 [ERROR] mysqld: Table './mysql/db' is marked as crashed and should be repaired
2017-05-24  8:19:55 140203190626336 [Warning] Checking table:   './mysql/db'
2017-05-24  8:19:55 140203190626336 [ERROR] mysql.db: 1 client is using or hasn't closed the table properly
2017-05-24  8:19:55 140203190626336 [Note] /usr/sbin/mysqld: ready for connections.
Version: '10.1.23-MariaDB'  socket: '/var/lib/mysql/mysql.sock'  port: 3306  MariaDB Server
