[1495546999] [318] Centreon Engine 1.7.2 starting ... (PID=318)
[1495546999] [318] Local time is Tue May 23 13:43:19 2017
[1495546999] [318] LOG VERSION: 2.0
[1495546999] [318] Event loop start at Tue May 23 13:43:19 2017
[1495546999] [318] Configuration loaded, main loop starting.
[1495547009] [318] HOST ALERT: localhost;DOWN;SOFT;1;(No output returned from host check)
[1495547039] [318] SERVICE ALERT: localhost;Total Processes;UNKNOWN;HARD;1;(No output returned from plugin)
[1495547079] [318] HOST ALERT: localhost;DOWN;SOFT;2;(No output returned from host check)
[1495547079] [318] SERVICE ALERT: localhost;Swap Usage;UNKNOWN;HARD;1;(No output returned from plugin)
[1495547119] [318] SERVICE ALERT: localhost;SSH;UNKNOWN;HARD;1;(No output returned from plugin)
[1495547149] [318] HOST ALERT: localhost;DOWN;SOFT;3;(No output returned from host check)
[1495547159] [318] SERVICE ALERT: localhost;Root Partition;UNKNOWN;HARD;1;(No output returned from plugin)
[1495547189] [318] SERVICE ALERT: localhost;PING;UNKNOWN;HARD;1;(No output returned from plugin)
[1495547219] [318] HOST ALERT: localhost;DOWN;SOFT;4;(No output returned from host check)
[1495547229] [318] SERVICE ALERT: localhost;HTTP;UNKNOWN;HARD;1;(No output returned from plugin)
[1495609606] [341] Centreon Engine 1.7.2 starting ... (PID=341)
[1495609606] [341] Local time is Wed May 24 07:06:46 2017
[1495609606] [341] LOG VERSION: 2.0
[1495609606] [341] Event loop start at Wed May 24 07:06:46 2017
[1495609606] [341] Configuration loaded, main loop starting.
[1495609616] [341] HOST ALERT: localhost;DOWN;SOFT;1;(No output returned from host check)
[1495609646] [341] SERVICE ALERT: localhost;Total Processes;UNKNOWN;HARD;1;(No output returned from plugin)
[1495609686] [341] HOST ALERT: localhost;DOWN;SOFT;2;(No output returned from host check)
[1495609686] [341] SERVICE ALERT: localhost;Swap Usage;UNKNOWN;HARD;1;(No output returned from plugin)
[1495609726] [341] SERVICE ALERT: localhost;SSH;UNKNOWN;HARD;1;(No output returned from plugin)
[1495609756] [341] HOST ALERT: localhost;DOWN;SOFT;3;(No output returned from host check)
[1495609766] [341] SERVICE ALERT: localhost;Root Partition;UNKNOWN;HARD;1;(No output returned from plugin)
[1495609796] [341] SERVICE ALERT: localhost;PING;UNKNOWN;HARD;1;(No output returned from plugin)
[1495609826] [341] HOST ALERT: localhost;DOWN;SOFT;4;(No output returned from host check)
[1495609836] [341] SERVICE ALERT: localhost;HTTP;UNKNOWN;HARD;1;(No output returned from plugin)
[1495609876] [341] SERVICE ALERT: localhost;Current Users;UNKNOWN;HARD;1;(No output returned from plugin)
[1495609896] [341] HOST ALERT: localhost;DOWN;SOFT;5;(No output returned from host check)
[1495609916] [341] SERVICE ALERT: localhost;Current Load;UNKNOWN;HARD;1;(No output returned from plugin)
[1495609966] [341] HOST ALERT: localhost;DOWN;SOFT;6;(No output returned from host check)
[1495610036] [341] HOST ALERT: localhost;DOWN;SOFT;7;(No output returned from host check)
[1495610106] [341] HOST ALERT: localhost;DOWN;SOFT;8;(No output returned from host check)
[1495610176] [341] HOST ALERT: localhost;DOWN;SOFT;9;(No output returned from host check)
[1495610246] [341] HOST ALERT: localhost;DOWN;HARD;10;(No output returned from host check)
[1495612012] [341] Caught SIGTERM, shutting down ...
[1495612012] [341] Successfully shutdown ... (PID=341)
[1495612012] [5359] Warning: Host 'ids-arras.ip_forti' has no services associated with it!
[1495612012] [5359] Event broker module '/usr/lib64/centreon-engine/externalcmd.so' initialized successfully
[1495612012] [5359] Centreon Broker: log applier: applying 1 logging objects
[1495612012] [5359] Event broker module '/usr/lib64/nagios/cbmod.so' initialized successfully
[1495612012] [5359] Centreon Engine 1.7.2 starting ... (PID=5359)
[1495612012] [5359] Local time is Wed May 24 07:46:52 2017
[1495612012] [5359] LOG VERSION: 2.0
[1495612012] [5359] INITIAL HOST STATE: ids-arras.ip_forti;UP;HARD;1;
[1495612012] [5359] Event loop start at Wed May 24 07:46:52 2017
[1495612012] [5359] Configuration loaded, main loop starting.
[1495612062] [5359] Caught SIGTERM, shutting down ...
[1495612062] [5359] Successfully shutdown ... (PID=5359)
[1495612062] [5359] Event broker module '/usr/lib64/centreon-engine/externalcmd.so' deinitialized successfully
[1495612064] [5359] Event broker module '/usr/lib64/nagios/cbmod.so' deinitialized successfully
[1495612064] [5479] Warning: Host 'ids-arras.ip_forti' has no services associated with it!
[1495612064] [5479] Event broker module '/usr/lib64/centreon-engine/externalcmd.so' initialized successfully
[1495612064] [5479] Centreon Broker: log applier: applying 1 logging objects
[1495612064] [5479] Event broker module '/usr/lib64/nagios/cbmod.so' initialized successfully
[1495612064] [5479] Centreon Engine 1.7.2 starting ... (PID=5479)
[1495612064] [5479] Local time is Wed May 24 07:47:44 2017
[1495612064] [5479] LOG VERSION: 2.0
[1495612064] [5479] INITIAL HOST STATE: ids-arras.ip_forti;UP;HARD;1;OK - 37.71.3.118: rta 269.558ms, lost 0%
[1495612064] [5479] Event loop start at Wed May 24 07:47:44 2017
[1495612064] [5479] Configuration loaded, main loop starting.
[1495612926] [5479] Reading main configuration file '/etc/centreon-engine/centengine.cfg'.
[1495612926] [5479] Processing object config file '/etc/centreon-engine/hostTemplates.cfg'
[1495612926] [5479] Processing object config file '/etc/centreon-engine/hosts.cfg'
[1495612926] [5479] Processing object config file '/etc/centreon-engine/serviceTemplates.cfg'
[1495612926] [5479] Processing object config file '/etc/centreon-engine/services.cfg'
[1495612926] [5479] Processing object config file '/etc/centreon-engine/commands.cfg'
[1495612926] [5479] Processing object config file '/etc/centreon-engine/contactgroups.cfg'
[1495612926] [5479] Processing object config file '/etc/centreon-engine/contacts.cfg'
[1495612926] [5479] Processing object config file '/etc/centreon-engine/hostgroups.cfg'
[1495612926] [5479] Processing object config file '/etc/centreon-engine/servicegroups.cfg'
[1495612926] [5479] Processing object config file '/etc/centreon-engine/timeperiods.cfg'
[1495612926] [5479] Processing object config file '/etc/centreon-engine/escalations.cfg'
[1495612926] [5479] Processing object config file '/etc/centreon-engine/dependencies.cfg'
[1495612926] [5479] Processing object config file '/etc/centreon-engine/connectors.cfg'
[1495612926] [5479] Processing object config file '/etc/centreon-engine/meta_commands.cfg'
[1495612926] [5479] Processing object config file '/etc/centreon-engine/meta_timeperiod.cfg'
[1495612926] [5479] Processing object config file '/etc/centreon-engine/meta_host.cfg'
[1495612926] [5479] Processing object config file '/etc/centreon-engine/meta_services.cfg'
[1495612926] [5479] Reading resource file '/etc/centreon-engine/resource.cfg'
[1495612926] [5479] Warning: Host 'ids-arras.ip_forti' has no services associated with it!
[1495612926] [5479] Warning: Host 'ids-arras.ip_serveur' has no services associated with it!
[1495612926] [5479] Warning: Service 'Cpu' on host 'ids-arras.ip_serveur_1' has no notification time period defined!
[1495612926] [5479] Warning: Service 'Memory' on host 'ids-arras.ip_serveur_1' has no notification time period defined!
[1495612926] [5479] Warning: Service 'Ping' on host 'ids-arras.ip_serveur_1' has no notification time period defined!
[1495612926] [5479] Warning: Service 'Swap' on host 'ids-arras.ip_serveur_1' has no notification time period defined!
[1495612926] [5479] Configuration reloaded, main loop continuing.
[1495613162] [5479] Reading main configuration file '/etc/centreon-engine/centengine.cfg'.
[1495613162] [5479] Processing object config file '/etc/centreon-engine/hostTemplates.cfg'
[1495613162] [5479] Processing object config file '/etc/centreon-engine/hosts.cfg'
[1495613162] [5479] Processing object config file '/etc/centreon-engine/serviceTemplates.cfg'
[1495613162] [5479] Processing object config file '/etc/centreon-engine/services.cfg'
[1495613162] [5479] Processing object config file '/etc/centreon-engine/commands.cfg'
[1495613162] [5479] Processing object config file '/etc/centreon-engine/contactgroups.cfg'
[1495613162] [5479] Processing object config file '/etc/centreon-engine/contacts.cfg'
[1495613162] [5479] Processing object config file '/etc/centreon-engine/hostgroups.cfg'
[1495613162] [5479] Processing object config file '/etc/centreon-engine/servicegroups.cfg'
[1495613162] [5479] Processing object config file '/etc/centreon-engine/timeperiods.cfg'
[1495613162] [5479] Processing object config file '/etc/centreon-engine/escalations.cfg'
[1495613162] [5479] Processing object config file '/etc/centreon-engine/dependencies.cfg'
[1495613162] [5479] Processing object config file '/etc/centreon-engine/connectors.cfg'
[1495613162] [5479] Processing object config file '/etc/centreon-engine/meta_commands.cfg'
[1495613162] [5479] Processing object config file '/etc/centreon-engine/meta_timeperiod.cfg'
[1495613162] [5479] Processing object config file '/etc/centreon-engine/meta_host.cfg'
[1495613162] [5479] Processing object config file '/etc/centreon-engine/meta_services.cfg'
[1495613162] [5479] Reading resource file '/etc/centreon-engine/resource.cfg'
[1495613162] [5479] Warning: Host 'agcplv-siege.ip_forti' has no services associated with it!
[1495613162] [5479] Warning: Host 'ids-arras.ip_forti' has no services associated with it!
[1495613162] [5479] Warning: Service 'Cpu' on host 'ids-arras.ip_serveur' has no notification time period defined!
[1495613162] [5479] Warning: Service 'Memory' on host 'ids-arras.ip_serveur' has no notification time period defined!
[1495613162] [5479] Warning: Service 'Ping' on host 'ids-arras.ip_serveur' has no notification time period defined!
[1495613162] [5479] Warning: Service 'Swap' on host 'ids-arras.ip_serveur' has no notification time period defined!
[1495613162] [5479] Warning: Service 'Cpu' on host 'ids-arras.ip_serveur_1' has no notification time period defined!
[1495613162] [5479] Warning: Service 'Memory' on host 'ids-arras.ip_serveur_1' has no notification time period defined!
[1495613162] [5479] Warning: Service 'Ping' on host 'ids-arras.ip_serveur_1' has no notification time period defined!
[1495613162] [5479] Warning: Service 'Swap' on host 'ids-arras.ip_serveur_1' has no notification time period defined!
[1495613162] [5479] Configuration reloaded, main loop continuing.
[1495613268] [5479] Reading main configuration file '/etc/centreon-engine/centengine.cfg'.
[1495613268] [5479] Processing object config file '/etc/centreon-engine/hostTemplates.cfg'
[1495613268] [5479] Processing object config file '/etc/centreon-engine/hosts.cfg'
[1495613268] [5479] Processing object config file '/etc/centreon-engine/serviceTemplates.cfg'
[1495613268] [5479] Processing object config file '/etc/centreon-engine/services.cfg'
[1495613268] [5479] Processing object config file '/etc/centreon-engine/commands.cfg'
[1495613268] [5479] Processing object config file '/etc/centreon-engine/contactgroups.cfg'
[1495613268] [5479] Processing object config file '/etc/centreon-engine/contacts.cfg'
[1495613268] [5479] Processing object config file '/etc/centreon-engine/hostgroups.cfg'
[1495613268] [5479] Processing object config file '/etc/centreon-engine/servicegroups.cfg'
[1495613268] [5479] Processing object config file '/etc/centreon-engine/timeperiods.cfg'
[1495613268] [5479] Processing object config file '/etc/centreon-engine/escalations.cfg'
[1495613268] [5479] Processing object config file '/etc/centreon-engine/dependencies.cfg'
[1495613268] [5479] Processing object config file '/etc/centreon-engine/connectors.cfg'
[1495613268] [5479] Processing object config file '/etc/centreon-engine/meta_commands.cfg'
[1495613268] [5479] Processing object config file '/etc/centreon-engine/meta_timeperiod.cfg'
[1495613268] [5479] Processing object config file '/etc/centreon-engine/meta_host.cfg'
[1495613268] [5479] Processing object config file '/etc/centreon-engine/meta_services.cfg'
[1495613268] [5479] Reading resource file '/etc/centreon-engine/resource.cfg'
[1495613268] [5479] Warning: Host 'agcplv-siege.ip_forti' has no services associated with it!
[1495613268] [5479] Warning: Host 'ids-arras.ip_forti' has no services associated with it!
[1495613268] [5479] Warning: Service 'Cpu' on host 'ids-arras.ip_serveur' has no notification time period defined!
[1495613268] [5479] Warning: Service 'Memory' on host 'ids-arras.ip_serveur' has no notification time period defined!
[1495613268] [5479] Warning: Service 'Ping' on host 'ids-arras.ip_serveur' has no notification time period defined!
[1495613268] [5479] Warning: Service 'Swap' on host 'ids-arras.ip_serveur' has no notification time period defined!
[1495613268] [5479] Configuration reloaded, main loop continuing.
[1495613588] [5479] Reading main configuration file '/etc/centreon-engine/centengine.cfg'.
[1495613588] [5479] Processing object config file '/etc/centreon-engine/hostTemplates.cfg'
[1495613588] [5479] Processing object config file '/etc/centreon-engine/hosts.cfg'
[1495613588] [5479] Processing object config file '/etc/centreon-engine/serviceTemplates.cfg'
[1495613588] [5479] Processing object config file '/etc/centreon-engine/services.cfg'
[1495613588] [5479] Processing object config file '/etc/centreon-engine/commands.cfg'
[1495613588] [5479] Processing object config file '/etc/centreon-engine/contactgroups.cfg'
[1495613588] [5479] Processing object config file '/etc/centreon-engine/contacts.cfg'
[1495613588] [5479] Processing object config file '/etc/centreon-engine/hostgroups.cfg'
[1495613588] [5479] Processing object config file '/etc/centreon-engine/servicegroups.cfg'
[1495613588] [5479] Processing object config file '/etc/centreon-engine/timeperiods.cfg'
[1495613588] [5479] Processing object config file '/etc/centreon-engine/escalations.cfg'
[1495613588] [5479] Processing object config file '/etc/centreon-engine/dependencies.cfg'
[1495613588] [5479] Processing object config file '/etc/centreon-engine/connectors.cfg'
[1495613588] [5479] Processing object config file '/etc/centreon-engine/meta_commands.cfg'
[1495613588] [5479] Processing object config file '/etc/centreon-engine/meta_timeperiod.cfg'
[1495613588] [5479] Processing object config file '/etc/centreon-engine/meta_host.cfg'
[1495613588] [5479] Processing object config file '/etc/centreon-engine/meta_services.cfg'
[1495613588] [5479] Reading resource file '/etc/centreon-engine/resource.cfg'
[1495613588] [5479] Warning: Host 'agcplv-siege.ip_forti' has no services associated with it!
[1495613588] [5479] Warning: Host 'agcplv-siege.ip_servdc' has no services associated with it!
[1495613588] [5479] Warning: Host 'ids-arras.ip_forti' has no services associated with it!
[1495613588] [5479] Warning: Service 'Cpu' on host 'ids-arras.ip_serveur' has no notification time period defined!
[1495613588] [5479] Warning: Service 'Memory' on host 'ids-arras.ip_serveur' has no notification time period defined!
[1495613588] [5479] Warning: Service 'Ping' on host 'ids-arras.ip_serveur' has no notification time period defined!
[1495613588] [5479] Warning: Service 'Swap' on host 'ids-arras.ip_serveur' has no notification time period defined!
[1495613588] [5479] Configuration reloaded, main loop continuing.
[1495613996] [339] Warning: Host 'agcplv-siege.ip_forti' has no services associated with it!
[1495613996] [339] Warning: Host 'agcplv-siege.ip_servdc' has no services associated with it!
[1495613996] [339] Warning: Host 'ids-arras.ip_forti' has no services associated with it!
[1495613996] [339] Warning: Service 'Cpu' on host 'ids-arras.ip_serveur' has no notification time period defined!
[1495613996] [339] Warning: Service 'Memory' on host 'ids-arras.ip_serveur' has no notification time period defined!
[1495613996] [339] Warning: Service 'Ping' on host 'ids-arras.ip_serveur' has no notification time period defined!
[1495613996] [339] Warning: Service 'Swap' on host 'ids-arras.ip_serveur' has no notification time period defined!
[1495613996] [339] Event broker module '/usr/lib64/centreon-engine/externalcmd.so' initialized successfully
[1495613996] [339] Centreon Broker: log applier: applying 1 logging objects
[1495613996] [339] Event broker module '/usr/lib64/nagios/cbmod.so' initialized successfully
[1495613996] [339] Centreon Engine 1.7.2 starting ... (PID=339)
[1495613996] [339] Local time is Wed May 24 08:19:56 2017
[1495613996] [339] LOG VERSION: 2.0
[1495613996] [339] INITIAL HOST STATE: ids-arras.ip_serveur;UP;HARD;1;
[1495613996] [339] INITIAL HOST STATE: ids-arras.ip_forti;UP;HARD;1;OK - 37.71.3.118: rta 269.558ms, lost 0%
[1495613996] [339] INITIAL HOST STATE: agcplv-siege.ip_servdc;UP;HARD;1;
[1495613996] [339] INITIAL HOST STATE: agcplv-siege.ip_forti;UP;HARD;1;
[1495613996] [339] INITIAL SERVICE STATE: ids-arras.ip_serveur;Swap;OK;HARD;1;
[1495613996] [339] INITIAL SERVICE STATE: ids-arras.ip_serveur;Ping;OK;HARD;1;
[1495613996] [339] INITIAL SERVICE STATE: ids-arras.ip_serveur;Memory;OK;HARD;1;
[1495613996] [339] INITIAL SERVICE STATE: ids-arras.ip_serveur;Cpu;OK;HARD;1;
[1495613996] [339] Event loop start at Wed May 24 08:19:56 2017
[1495613996] [339] Configuration loaded, main loop starting.
[1495617976] [339] SERVICE ALERT: ids-arras.ip_serveur;Ping;WARNING;SOFT;1;WARNING - 37.71.3.118: rta 221.472ms, lost 0%
[1495618096] [339] SERVICE ALERT: ids-arras.ip_serveur;Ping;OK;SOFT;2;OK - 37.71.3.118: rta 28.428ms, lost 0%
