Centreon Broker 3.0.7 log file opened
[1495612014] config:  module applier: loading directory '/usr/share/centreon/lib/centreon-broker'
[1495612062] config:  main: configuration update requested
[1495612062] config:  log applier: applying 1 logging objects
[1495612062] config:  module applier: loading directory '/usr/share/centreon/lib/centreon-broker'
[1495612062] config:  applier: 11 modules loaded
[1495612926] config:  main: configuration update requested
[1495612926] config:  log applier: applying 1 logging objects
[1495612926] config:  module applier: loading directory '/usr/share/centreon/lib/centreon-broker'
[1495612926] config:  applier: 11 modules loaded
[1495613162] config:  main: configuration update requested
[1495613162] config:  log applier: applying 1 logging objects
[1495613162] config:  module applier: loading directory '/usr/share/centreon/lib/centreon-broker'
[1495613162] config:  applier: 11 modules loaded
[1495613268] config:  main: configuration update requested
[1495613268] config:  log applier: applying 1 logging objects
[1495613268] config:  module applier: loading directory '/usr/share/centreon/lib/centreon-broker'
[1495613268] config:  applier: 11 modules loaded
[1495613588] config:  main: configuration update requested
[1495613588] config:  log applier: applying 1 logging objects
[1495613588] config:  module applier: loading directory '/usr/share/centreon/lib/centreon-broker'
[1495613588] config:  applier: 11 modules loaded
Centreon Broker 3.0.7 log file opened
[1495613996] config:  module applier: loading directory '/usr/share/centreon/lib/centreon-broker'
